<?xml version="1.0" encoding="UTF-8"?>
<testsuite xmlns:xsi="http://www.w3.org/2001/XMLSchema-instance" xsi:noNamespaceSchemaLocation="https://maven.apache.org/surefire/maven-surefire-plugin/xsd/surefire-test-report.xsd" name="g54018.stib.model.repository.StationsRepositoryTest" time="0.13" tests="5" errors="0" skipped="0" failures="0">
  <properties>
    <property name="java.specification.version" value="18"/>
    <property name="sun.cpu.isalist" value="amd64"/>
    <property name="sun.jnu.encoding" value="Cp1252"/>
    <property name="java.class.path" value="C:\Users\basil\OneDrive - Haute Ecole Bruxelles Brabant (HE2B)\Documents\NetBeansProjects\ATLG4\stib\target\test-classes;C:\Users\basil\OneDrive - Haute Ecole Bruxelles Brabant (HE2B)\Documents\NetBeansProjects\ATLG4\stib\target\classes;C:\Users\basil\.m2\repository\org\openjfx\javafx-controls\13\javafx-controls-13.jar;C:\Users\basil\.m2\repository\org\openjfx\javafx-controls\13\javafx-controls-13-win.jar;C:\Users\basil\.m2\repository\org\openjfx\javafx-graphics\13\javafx-graphics-13.jar;C:\Users\basil\.m2\repository\org\openjfx\javafx-graphics\13\javafx-graphics-13-win.jar;C:\Users\basil\.m2\repository\org\openjfx\javafx-fxml\13\javafx-fxml-13.jar;C:\Users\basil\.m2\repository\org\openjfx\javafx-fxml\13\javafx-fxml-13-win.jar;C:\Users\basil\.m2\repository\org\xerial\sqlite-jdbc\3.27.2.1\sqlite-jdbc-3.27.2.1.jar;C:\Users\basil\.m2\repository\org\controlsfx\controlsfx\11.0.3\controlsfx-11.0.3.jar;C:\Users\basil\.m2\repository\org\openjfx\javafx-media\11.0.2\javafx-media-11.0.2.jar;C:\Users\basil\.m2\repository\org\openjfx\javafx-media\11.0.2\javafx-media-11.0.2-win.jar;C:\Users\basil\.m2\repository\org\junit\jupiter\junit-jupiter-api\5.3.1\junit-jupiter-api-5.3.1.jar;C:\Users\basil\.m2\repository\org\apiguardian\apiguardian-api\1.0.0\apiguardian-api-1.0.0.jar;C:\Users\basil\.m2\repository\org\opentest4j\opentest4j\1.1.1\opentest4j-1.1.1.jar;C:\Users\basil\.m2\repository\org\junit\platform\junit-platform-commons\1.3.1\junit-platform-commons-1.3.1.jar;C:\Users\basil\.m2\repository\org\junit\jupiter\junit-jupiter-params\5.3.1\junit-jupiter-params-5.3.1.jar;C:\Users\basil\.m2\repository\org\junit\jupiter\junit-jupiter-engine\5.3.1\junit-jupiter-engine-5.3.1.jar;C:\Users\basil\.m2\repository\org\junit\platform\junit-platform-engine\1.3.1\junit-platform-engine-1.3.1.jar;C:\Users\basil\.m2\repository\org\junit\platform\junit-platform-runner\1.2.0\junit-platform-runner-1.2.0.jar;C:\Users\basil\.m2\repository\org\junit\platform\junit-platform-launcher\1.2.0\junit-platform-launcher-1.2.0.jar;C:\Users\basil\.m2\repository\org\junit\platform\junit-platform-suite-api\1.2.0\junit-platform-suite-api-1.2.0.jar;C:\Users\basil\.m2\repository\junit\junit\4.12\junit-4.12.jar;C:\Users\basil\.m2\repository\org\hamcrest\hamcrest-core\1.3\hamcrest-core-1.3.jar;C:\Users\basil\.m2\repository\org\mockito\mockito-core\3.2.0\mockito-core-3.2.0.jar;C:\Users\basil\.m2\repository\net\bytebuddy\byte-buddy\1.10.3\byte-buddy-1.10.3.jar;C:\Users\basil\.m2\repository\net\bytebuddy\byte-buddy-agent\1.10.3\byte-buddy-agent-1.10.3.jar;C:\Users\basil\.m2\repository\org\objenesis\objenesis\2.6\objenesis-2.6.jar;C:\Users\basil\.m2\repository\org\mockito\mockito-junit-jupiter\2.23.0\mockito-junit-jupiter-2.23.0.jar;C:\Users\basil\.m2\repository\org\openjfx\javafx-base\17\javafx-base-17.jar;C:\Users\basil\.m2\repository\org\openjfx\javafx-base\17\javafx-base-17-win.jar;"/>
    <property name="java.vm.vendor" value="Oracle Corporation"/>
    <property name="sun.arch.data.model" value="64"/>
    <property name="user.variant" value=""/>
    <property name="java.vendor.url" value="https://java.oracle.com/"/>
    <property name="user.timezone" value="Europe/Paris"/>
    <property name="os.name" value="Windows 11"/>
    <property name="java.vm.specification.version" value="18"/>
    <property name="user.country" value="FR"/>
    <property name="sun.java.launcher" value="SUN_STANDARD"/>
    <property name="sun.boot.library.path" value="C:\Program Files\Java\jdk-18.0.2.1\bin"/>
    <property name="sun.java.command" value="C:\Users\basil\AppData\Local\Temp\surefire11699661762621615677\surefirebooter11029366038640230720.jar C:\Users\basil\AppData\Local\Temp\surefire11699661762621615677 2022-08-29T17-48-09_619-jvmRun1 surefire10266158437426100486tmp surefire_012307486157746554657tmp"/>
    <property name="jdk.debug" value="release"/>
    <property name="surefire.test.class.path" value="C:\Users\basil\OneDrive - Haute Ecole Bruxelles Brabant (HE2B)\Documents\NetBeansProjects\ATLG4\stib\target\test-classes;C:\Users\basil\OneDrive - Haute Ecole Bruxelles Brabant (HE2B)\Documents\NetBeansProjects\ATLG4\stib\target\classes;C:\Users\basil\.m2\repository\org\openjfx\javafx-controls\13\javafx-controls-13.jar;C:\Users\basil\.m2\repository\org\openjfx\javafx-controls\13\javafx-controls-13-win.jar;C:\Users\basil\.m2\repository\org\openjfx\javafx-graphics\13\javafx-graphics-13.jar;C:\Users\basil\.m2\repository\org\openjfx\javafx-graphics\13\javafx-graphics-13-win.jar;C:\Users\basil\.m2\repository\org\openjfx\javafx-fxml\13\javafx-fxml-13.jar;C:\Users\basil\.m2\repository\org\openjfx\javafx-fxml\13\javafx-fxml-13-win.jar;C:\Users\basil\.m2\repository\org\xerial\sqlite-jdbc\3.27.2.1\sqlite-jdbc-3.27.2.1.jar;C:\Users\basil\.m2\repository\org\controlsfx\controlsfx\11.0.3\controlsfx-11.0.3.jar;C:\Users\basil\.m2\repository\org\openjfx\javafx-media\11.0.2\javafx-media-11.0.2.jar;C:\Users\basil\.m2\repository\org\openjfx\javafx-media\11.0.2\javafx-media-11.0.2-win.jar;C:\Users\basil\.m2\repository\org\junit\jupiter\junit-jupiter-api\5.3.1\junit-jupiter-api-5.3.1.jar;C:\Users\basil\.m2\repository\org\apiguardian\apiguardian-api\1.0.0\apiguardian-api-1.0.0.jar;C:\Users\basil\.m2\repository\org\opentest4j\opentest4j\1.1.1\opentest4j-1.1.1.jar;C:\Users\basil\.m2\repository\org\junit\platform\junit-platform-commons\1.3.1\junit-platform-commons-1.3.1.jar;C:\Users\basil\.m2\repository\org\junit\jupiter\junit-jupiter-params\5.3.1\junit-jupiter-params-5.3.1.jar;C:\Users\basil\.m2\repository\org\junit\jupiter\junit-jupiter-engine\5.3.1\junit-jupiter-engine-5.3.1.jar;C:\Users\basil\.m2\repository\org\junit\platform\junit-platform-engine\1.3.1\junit-platform-engine-1.3.1.jar;C:\Users\basil\.m2\repository\org\junit\platform\junit-platform-runner\1.2.0\junit-platform-runner-1.2.0.jar;C:\Users\basil\.m2\repository\org\junit\platform\junit-platform-launcher\1.2.0\junit-platform-launcher-1.2.0.jar;C:\Users\basil\.m2\repository\org\junit\platform\junit-platform-suite-api\1.2.0\junit-platform-suite-api-1.2.0.jar;C:\Users\basil\.m2\repository\junit\junit\4.12\junit-4.12.jar;C:\Users\basil\.m2\repository\org\hamcrest\hamcrest-core\1.3\hamcrest-core-1.3.jar;C:\Users\basil\.m2\repository\org\mockito\mockito-core\3.2.0\mockito-core-3.2.0.jar;C:\Users\basil\.m2\repository\net\bytebuddy\byte-buddy\1.10.3\byte-buddy-1.10.3.jar;C:\Users\basil\.m2\repository\net\bytebuddy\byte-buddy-agent\1.10.3\byte-buddy-agent-1.10.3.jar;C:\Users\basil\.m2\repository\org\objenesis\objenesis\2.6\objenesis-2.6.jar;C:\Users\basil\.m2\repository\org\mockito\mockito-junit-jupiter\2.23.0\mockito-junit-jupiter-2.23.0.jar;C:\Users\basil\.m2\repository\org\openjfx\javafx-base\17\javafx-base-17.jar;C:\Users\basil\.m2\repository\org\openjfx\javafx-base\17\javafx-base-17-win.jar;"/>
    <property name="sun.cpu.endian" value="little"/>
    <property name="user.home" value="C:\Users\basil"/>
    <property name="user.language" value="fr"/>
    <property name="java.specification.vendor" value="Oracle Corporation"/>
    <property name="java.version.date" value="2022-08-18"/>
    <property name="java.home" value="C:\Program Files\Java\jdk-18.0.2.1"/>
    <property name="file.separator" value="\"/>
    <property name="basedir" value="C:\Users\basil\OneDrive - Haute Ecole Bruxelles Brabant (HE2B)\Documents\NetBeansProjects\ATLG4\stib"/>
    <property name="java.vm.compressedOopsMode" value="Zero based"/>
    <property name="line.separator" value="&#10;"/>
    <property name="java.vm.specification.vendor" value="Oracle Corporation"/>
    <property name="java.specification.name" value="Java Platform API Specification"/>
    <property name="surefire.real.class.path" value="C:\Users\basil\AppData\Local\Temp\surefire11699661762621615677\surefirebooter11029366038640230720.jar"/>
    <property name="user.script" value=""/>
    <property name="sun.management.compiler" value="HotSpot 64-Bit Tiered Compilers"/>
    <property name="java.runtime.version" value="18.0.2.1+1-1"/>
    <property name="user.name" value="basil"/>
    <property name="path.separator" value=";"/>
    <property name="os.version" value="10.0"/>
    <property name="java.runtime.name" value="Java(TM) SE Runtime Environment"/>
    <property name="file.encoding" value="UTF-8"/>
    <property name="java.vm.name" value="Java HotSpot(TM) 64-Bit Server VM"/>
    <property name="maven.ext.class.path" value="C:\Program Files\NetBeans-14\netbeans\java\maven-nblib\netbeans-eventspy.jar"/>
    <property name="localRepository" value="C:\Users\basil\.m2\repository"/>
    <property name="java.vendor.url.bug" value="https://bugreport.java.com/bugreport/"/>
    <property name="java.io.tmpdir" value="C:\Users\basil\AppData\Local\Temp\"/>
    <property name="java.version" value="18.0.2.1"/>
    <property name="user.dir" value="C:\Users\basil\OneDrive - Haute Ecole Bruxelles Brabant (HE2B)\Documents\NetBeansProjects\ATLG4\stib"/>
    <property name="os.arch" value="amd64"/>
    <property name="java.vm.specification.name" value="Java Virtual Machine Specification"/>
    <property name="sun.os.patch.level" value=""/>
    <property name="native.encoding" value="Cp1252"/>
    <property name="java.library.path" value="C:\Program Files\Java\jdk-18.0.2.1\bin;C:\WINDOWS\Sun\Java\bin;C:\WINDOWS\system32;C:\WINDOWS;C:\Program Files\Common Files\Oracle\Java\javapath;C:\Windows\system32;C:\Windows;C:\Windows\System32\Wbem;C:\Windows\System32\WindowsPowerShell\v1.0\;C:\Windows\System32\OpenSSH\;C:\Program Files (x86)\NVIDIA Corporation\PhysX\Common;C:\WINDOWS\system32;C:\WINDOWS;C:\WINDOWS\System32\Wbem;C:\WINDOWS\System32\WindowsPowerShell\v1.0\;C:\WINDOWS\System32\OpenSSH\;C:\Program Files\dotnet\;C:\Program Files\NVIDIA Corporation\NVIDIA NvDLISR;C:\Program Files\Java\jdk-18.0.2.1\bin;C:\Users\basil\curl-7.84.0_9-win64-mingw\bin;C:\Program Files\Git\cmd;C:\Program Files\nodejs\;C:\Users\basil\AppData\Local\Microsoft\WindowsApps;;C:\Users\basil\AppData\Local\Programs\Microsoft VS Code\bin;C:\Users\basil\AppData\Roaming\npm;%IntelliJ IDEA%;C:\Users\basil\AppData\Local\JetBrains\Toolbox\scripts;."/>
    <property name="java.vm.info" value="mixed mode, sharing"/>
    <property name="java.vendor" value="Oracle Corporation"/>
    <property name="java.vm.version" value="18.0.2.1+1-1"/>
    <property name="sun.io.unicode.encoding" value="UnicodeLittle"/>
    <property name="java.class.version" value="62.0"/>
  </properties>
  <testcase name="testGetExist" classname="g54018.stib.model.repository.StationsRepositoryTest" time="0.094"/>
  <testcase name="testGetNotExist" classname="g54018.stib.model.repository.StationsRepositoryTest" time="0.003"/>
  <testcase name="testGetThrowException" classname="g54018.stib.model.repository.StationsRepositoryTest" time="0"/>
  <testcase name="testContain" classname="g54018.stib.model.repository.StationsRepositoryTest" time="0"/>
  <testcase name="testGetAll" classname="g54018.stib.model.repository.StationsRepositoryTest" time="0.015"/>
</testsuite>